[name: "/device:CPU:0"
device_type: "CPU"
memory_limit: 268435456
locality {
}
incarnation: 17857063993264135970
, name: "/device:XLA_CPU:0"
device_type: "XLA_CPU"
memory_limit: 17179869184
locality {
}
incarnation: 6600477695918951437
physical_device_desc: "device: XLA_CPU device"
, name: "/device:XLA_GPU:0"
device_type: "XLA_GPU"
memory_limit: 17179869184
locality {
}
incarnation: 11089527976637083539
physical_device_desc: "device: XLA_GPU device"
, name: "/device:GPU:0"
device_type: "GPU"
memory_limit: 2741559296
locality {
  bus_id: 1
  links {
  }
}
incarnation: 3946388391056847163
physical_device_desc: "device: 0, name: NVIDIA Tegra X2, pci bus id: 0000:00:00.0, compute capability: 6.2"
]
##############################
Run n° 0
##############################

------------------------------
name of the model:  unet160--mediumBN_mobilenetv2--dice_coef_loss    fps speed:  6.414350707342666    memory before running:  2.7413406372070312    average during running:  5.400217892078871    memory after running:  5.399875640869141
------------------------------
name of the model:  unet160--small--dice_coef_loss    fps speed:  12.56218425483139    memory before running:  5.399776458740234    average during running:  5.41563526967938    memory after running:  5.415618896484375
------------------------------
name of the model:  unet160--smallBN--dice_coef_loss    fps speed:  11.219915302340564    memory before running:  5.415702819824219    average during running:  5.418195488747586    memory after running:  5.417514801025391
------------------------------
name of the model:  unet160--medium--dice_coef_loss    fps speed:  11.481873481672384    memory before running:  5.417514801025391    average during running:  5.453598665387443    memory after running:  5.430107116699219
------------------------------
name of the model:  unet160--mediumBN--dice_coef_loss    fps speed:  9.333934170160811    memory before running:  5.430065155029297    average during running:  5.474408781930302    memory after running:  5.4747161865234375
------------------------------
name of the model:  unet160--large--dice_coef_loss    fps speed:  9.715328450055907    memory before running:  5.4747161865234375    average during running:  5.693575355444062    memory after running:  5.692485809326172
------------------------------
name of the model:  unet160--largeBN--dice_coef_loss    fps speed:  7.909017613093322    memory before running:  5.692546844482422    average during running:  5.797753066159366    memory after running:  5.797870635986328
------------------------------
name of the model:  unet160--smallBN_mobilenetv1--dice_coef_loss    fps speed:  11.404155546288    memory before running:  5.797870635986328    average during running:  5.803008390276619    memory after running:  5.803089141845703
------------------------------
name of the model:  unet160--mediumBN_mobilenetv1--dice_coef_loss    fps speed:  8.641084568184958    memory before running:  5.803020477294922    average during running:  5.80498877536045    memory after running:  5.805027008056641
##############################
Run n° 1
##############################

------------------------------
name of the model:  unet160--mediumBN_mobilenetv2--dice_coef_loss    fps speed:  6.204804888832279    memory before running:  5.805271148681641    average during running:  5.823698836765932    memory after running:  5.823524475097656
------------------------------
name of the model:  unet160--small--dice_coef_loss    fps speed:  11.29904425802642    memory before running:  5.823539733886719    average during running:  5.823164607701677    memory after running:  5.822837829589844
------------------------------
name of the model:  unet160--smallBN--dice_coef_loss    fps speed:  11.389180510488858    memory before running:  5.822837829589844    average during running:  5.803457581595088    memory after running:  5.803367614746094
------------------------------
name of the model:  unet160--medium--dice_coef_loss    fps speed:  11.576423649042203    memory before running:  5.803367614746094    average during running:  5.800375434789765    memory after running:  5.800537109375
------------------------------
name of the model:  unet160--mediumBN--dice_coef_loss    fps speed:  9.48584074077434    memory before running:  5.800537109375    average during running:  5.798282023226277    memory after running:  5.7979278564453125
------------------------------
name of the model:  unet160--large--dice_coef_loss    fps speed:  9.72042329129656    memory before running:  5.7979278564453125    average during running:  5.818501033140032    memory after running:  5.818943023681641
------------------------------
name of the model:  unet160--largeBN--dice_coef_loss    fps speed:  7.795736949441941    memory before running:  5.818798065185547    average during running:  5.821577350745041    memory after running:  5.8223724365234375
------------------------------
name of the model:  unet160--smallBN_mobilenetv1--dice_coef_loss    fps speed:  11.148723210012761    memory before running:  5.8223724365234375    average during running:  5.822179944327708    memory after running:  5.822021484375
------------------------------
name of the model:  unet160--mediumBN_mobilenetv1--dice_coef_loss    fps speed:  8.7703236236785    memory before running:  5.822021484375    average during running:  5.82847072301286    memory after running:  5.82928466796875
##############################
Run n° 2
##############################

------------------------------
name of the model:  unet160--mediumBN_mobilenetv2--dice_coef_loss    fps speed:  6.391154491339388    memory before running:  5.82928466796875    average during running:  5.838134851348534    memory after running:  5.837825775146484
------------------------------
name of the model:  unet160--small--dice_coef_loss    fps speed:  11.649576225908989    memory before running:  5.837825775146484    average during running:  5.839521343788404    memory after running:  5.8397216796875
------------------------------
name of the model:  unet160--smallBN--dice_coef_loss    fps speed:  10.705337293511912    memory before running:  5.8397216796875    average during running:  5.834658376286539    memory after running:  5.834770202636719
------------------------------
name of the model:  unet160--medium--dice_coef_loss    fps speed:  11.39942973696571    memory before running:  5.834770202636719    average during running:  5.834894458899337    memory after running:  5.835205078125
------------------------------
name of the model:  unet160--mediumBN--dice_coef_loss    fps speed:  9.398566557238762    memory before running:  5.835205078125    average during running:  5.82974898949098    memory after running:  5.829502105712891
------------------------------
name of the model:  unet160--large--dice_coef_loss    fps speed:  9.747392550101369    memory before running:  5.829502105712891    average during running:  5.838018395927515    memory after running:  5.83905029296875
------------------------------
name of the model:  unet160--largeBN--dice_coef_loss    fps speed:  7.695247363514477    memory before running:  5.8390655517578125    average during running:  5.821377829219518    memory after running:  5.8221893310546875
------------------------------
name of the model:  unet160--smallBN_mobilenetv1--dice_coef_loss    fps speed:  11.065001318902738    memory before running:  5.8221893310546875    average during running:  5.819205037663492    memory after running:  5.820240020751953
------------------------------
name of the model:  unet160--mediumBN_mobilenetv1--dice_coef_loss    fps speed:  8.510571954816024    memory before running:  5.820240020751953    average during running:  5.826366938901751    memory after running:  5.826427459716797
##############################
Run n° 3
##############################

------------------------------
name of the model:  unet160--mediumBN_mobilenetv2--dice_coef_loss    fps speed:  6.220193998012667    memory before running:  5.826427459716797    average during running:  5.838525279184406    memory after running:  5.838386535644531
------------------------------
name of the model:  unet160--small--dice_coef_loss    fps speed:  11.640936931673227    memory before running:  5.838386535644531    average during running:  5.845772046721383    memory after running:  5.846466064453125
------------------------------
name of the model:  unet160--smallBN--dice_coef_loss    fps speed:  10.801574368154016    memory before running:  5.846466064453125    average during running:  5.847202515334226    memory after running:  5.8470001220703125
------------------------------
name of the model:  unet160--medium--dice_coef_loss    fps speed:  10.819967521522802    memory before running:  5.8470001220703125    average during running:  5.842816985055302    memory after running:  5.8426513671875
------------------------------
name of the model:  unet160--mediumBN--dice_coef_loss    fps speed:  9.495000686130211    memory before running:  5.8426513671875    average during running:  5.834526833523525    memory after running:  5.834358215332031
------------------------------
name of the model:  unet160--large--dice_coef_loss    fps speed:  9.568942178495185    memory before running:  5.834358215332031    average during running:  5.8347275551785245    memory after running:  5.8347930908203125
------------------------------
name of the model:  unet160--largeBN--dice_coef_loss    fps speed:  7.4879046126310325    memory before running:  5.8347930908203125    average during running:  5.841512872931663    memory after running:  5.840946197509766
------------------------------
name of the model:  unet160--smallBN_mobilenetv1--dice_coef_loss    fps speed:  10.779167423335174    memory before running:  5.840946197509766    average during running:  5.842030900247981    memory after running:  5.841854095458984
------------------------------
name of the model:  unet160--mediumBN_mobilenetv1--dice_coef_loss    fps speed:  8.376646149298802    memory before running:  5.841854095458984    average during running:  5.846879723366727    memory after running:  5.847034454345703
##############################
Run n° 4
##############################

------------------------------
name of the model:  unet160--mediumBN_mobilenetv2--dice_coef_loss    fps speed:  5.745261302515136    memory before running:  5.847019195556641    average during running:  5.850766985603933    memory after running:  5.867908477783203
------------------------------
name of the model:  unet160--small--dice_coef_loss    fps speed:  11.223352752930987    memory before running:  5.867908477783203    average during running:  5.876564883114247    memory after running:  5.876941680908203
------------------------------
name of the model:  unet160--smallBN--dice_coef_loss    fps speed:  10.290714253637661    memory before running:  5.876941680908203    average during running:  5.87556388940704    memory after running:  5.875923156738281
------------------------------
name of the model:  unet160--medium--dice_coef_loss    fps speed:  10.750754006767945    memory before running:  5.875923156738281    average during running:  5.869247993726409    memory after running:  5.870204925537109
------------------------------
name of the model:  unet160--mediumBN--dice_coef_loss    fps speed:  9.018040692871878    memory before running:  5.870204925537109    average during running:  5.8660081584801835    memory after running:  5.866329193115234
------------------------------
name of the model:  unet160--large--dice_coef_loss    fps speed:  9.179428108285824    memory before running:  5.866329193115234    average during running:  5.8543753891848445    memory after running:  5.853778839111328
------------------------------
name of the model:  unet160--largeBN--dice_coef_loss    fps speed:  7.744335337576111    memory before running:  5.853778839111328    average during running:  5.856218187996511    memory after running:  5.856273651123047
------------------------------
name of the model:  unet160--smallBN_mobilenetv1--dice_coef_loss    fps speed:  10.597804393880901    memory before running:  5.856258392333984    average during running:  5.849842800183243    memory after running:  5.849632263183594
------------------------------
name of the model:  unet160--mediumBN_mobilenetv1--dice_coef_loss    fps speed:  8.275539214725617    memory before running:  5.849632263183594    average during running:  5.853365908847766    memory after running:  5.8529510498046875
##############################
Run n° 5
##############################

------------------------------
name of the model:  unet160--mediumBN_mobilenetv2--dice_coef_loss    fps speed:  6.161588001988119    memory before running:  5.8529510498046875    average during running:  5.856075844068206    memory after running:  5.856040954589844
------------------------------
name of the model:  unet160--small--dice_coef_loss    fps speed:  10.557480285030685    memory before running:  5.8559417724609375    average during running:  5.862123382225465    memory after running:  5.8620452880859375
------------------------------
name of the model:  unet160--smallBN--dice_coef_loss    fps speed:  10.849163078887583    memory before running:  5.8620452880859375    average during running:  5.8615391763408535    memory after running:  5.861759185791016
------------------------------
name of the model:  unet160--medium--dice_coef_loss    fps speed:  10.466663044062807    memory before running:  5.861766815185547    average during running:  5.859177578701062    memory after running:  5.859622955322266
------------------------------
name of the model:  unet160--mediumBN--dice_coef_loss    fps speed:  9.168743635734586    memory before running:  5.859622955322266    average during running:  5.8569300362233365    memory after running:  5.857151031494141
------------------------------
name of the model:  unet160--large--dice_coef_loss    fps speed:  9.617712296075844    memory before running:  5.857151031494141    average during running:  5.853397369384766    memory after running:  5.854217529296875
------------------------------
name of the model:  unet160--largeBN--dice_coef_loss    fps speed:  7.5780374442403495    memory before running:  5.8542022705078125    average during running:  5.855372439609485    memory after running:  5.855289459228516
------------------------------
name of the model:  unet160--smallBN_mobilenetv1--dice_coef_loss    fps speed:  10.202330099210146    memory before running:  5.855289459228516    average during running:  5.85459694165862    memory after running:  5.854755401611328
------------------------------
name of the model:  unet160--mediumBN_mobilenetv1--dice_coef_loss    fps speed:  8.086162096795348    memory before running:  5.854755401611328    average during running:  5.8518092980545555    memory after running:  5.852012634277344
##############################
Run n° 6
##############################

------------------------------
name of the model:  unet160--mediumBN_mobilenetv2--dice_coef_loss    fps speed:  5.97779220894228    memory before running:  5.852012634277344    average during running:  5.8539221259985075    memory after running:  5.853778839111328
------------------------------
name of the model:  unet160--small--dice_coef_loss    fps speed:  10.801565616666284    memory before running:  5.8541107177734375    average during running:  5.862101608447814    memory after running:  5.862545013427734
------------------------------
name of the model:  unet160--smallBN--dice_coef_loss    fps speed:  10.428378724862405    memory before running:  5.862545013427734    average during running:  5.867532108606917    memory after running:  5.867603302001953
------------------------------
name of the model:  unet160--medium--dice_coef_loss    fps speed:  10.321653822378869    memory before running:  5.867603302001953    average during running:  5.865160267004806    memory after running:  5.865535736083984
------------------------------
name of the model:  unet160--mediumBN--dice_coef_loss    fps speed:  9.129595738236194    memory before running:  5.865535736083984    average during running:  5.862316217315331    memory after running:  5.861904144287109
------------------------------
name of the model:  unet160--large--dice_coef_loss    fps speed: /usr/lib/python3/dist-packages/h5py/__init__.py:36: FutureWarning: Conversion of the second argument of issubdtype from `float` to `np.floating` is deprecated. In future, it will be treated as `np.float64 == np.dtype(float).type`.
  from ._conv import register_converters as _register_converters
Using TensorFlow backend.
/home/nvidia/.local/lib/python3.6/site-packages/tensorflow/python/framework/dtypes.py:526: FutureWarning: Passing (type, 1) or '1type' as a synonym of type is deprecated; in a future version of numpy, it will be understood as (type, (1,)) / '(1,)type'.
  _np_qint8 = np.dtype([("qint8", np.int8, 1)])
/home/nvidia/.local/lib/python3.6/site-packages/tensorflow/python/framework/dtypes.py:527: FutureWarning: Passing (type, 1) or '1type' as a synonym of type is deprecated; in a future version of numpy, it will be understood as (type, (1,)) / '(1,)type'.
  _np_quint8 = np.dtype([("quint8", np.uint8, 1)])
/home/nvidia/.local/lib/python3.6/site-packages/tensorflow/python/framework/dtypes.py:528: FutureWarning: Passing (type, 1) or '1type' as a synonym of type is deprecated; in a future version of numpy, it will be understood as (type, (1,)) / '(1,)type'.
  _np_qint16 = np.dtype([("qint16", np.int16, 1)])
/home/nvidia/.local/lib/python3.6/site-packages/tensorflow/python/framework/dtypes.py:529: FutureWarning: Passing (type, 1) or '1type' as a synonym of type is deprecated; in a future version of numpy, it will be understood as (type, (1,)) / '(1,)type'.
  _np_quint16 = np.dtype([("quint16", np.uint16, 1)])
/home/nvidia/.local/lib/python3.6/site-packages/tensorflow/python/framework/dtypes.py:530: FutureWarning: Passing (type, 1) or '1type' as a synonym of type is deprecated; in a future version of numpy, it will be understood as (type, (1,)) / '(1,)type'.
  _np_qint32 = np.dtype([("qint32", np.int32, 1)])
/home/nvidia/.local/lib/python3.6/site-packages/tensorflow/python/framework/dtypes.py:535: FutureWarning: Passing (type, 1) or '1type' as a synonym of type is deprecated; in a future version of numpy, it will be understood as (type, (1,)) / '(1,)type'.
  np_resource = np.dtype([("resource", np.ubyte, 1)])
 9.200824535410105    memory before running:  5.861904144287109    average during running:  5.862154799900698    memory after running:  5.862827301025391
------------------------------
name of the model:  unet160--largeBN--dice_coef_loss    fps speed:  7.103209730554621    memory before running:  5.862979888916016    average during running:  5.859621112266283    memory after running:  5.858711242675781
------------------------------
name of the model:  unet160--smallBN_mobilenetv1--dice_coef_loss    fps speed:  10.121437712305376    memory before running:  5.858711242675781    average during running:  5.860968857668759    memory after running:  5.860683441162109
------------------------------
name of the model:  unet160--mediumBN_mobilenetv1--dice_coef_loss    fps speed:  7.969190574558587    memory before running:  5.860572814941406    average during running:  5.862730733464273    memory after running:  5.862438201904297
##############################
Run n° 7
##############################

------------------------------
name of the model:  unet160--mediumBN_mobilenetv2--dice_coef_loss    fps speed:  5.848315804901381    memory before running:  5.862438201904297    average during running:  5.861847438169329    memory after running:  5.8615875244140625
------------------------------
name of the model:  unet160--small--dice_coef_loss    fps speed:  10.307858522852255    memory before running:  5.8615875244140625    average during running:  5.869362434644378    memory after running:  5.869152069091797
------------------------------
name of the model:  unet160--smallBN--dice_coef_loss    fps speed:  9.86757473657209    memory before running:  5.869152069091797    average during running:  5.86919098757626    memory after running:  5.869636535644531
------------------------------
name of the model:  unet160--medium--dice_coef_loss    fps speed:  10.230358524691825    memory before running:  5.869636535644531    average during running:  5.868861552034871    memory after running:  5.869983673095703
------------------------------
name of the model:  unet160--mediumBN--dice_coef_loss    fps speed:  8.717046528434109    memory before running:  5.8700103759765625    average during running:  5.862428943762619    memory after running:  5.862606048583984
------------------------------
name of the model:  unet160--large--dice_coef_loss    fps speed:  9.171457206309883    memory before running:  5.862606048583984    average during running:  5.860919138019004    memory after running:  5.861721038818359
------------------------------
name of the model:  unet160--largeBN--dice_coef_loss    fps speed:  7.623896722686637    memory before running:  5.861721038818359    average during running:  5.860582501700755    memory after running:  5.860939025878906
------------------------------
name of the model:  unet160--smallBN_mobilenetv1--dice_coef_loss    fps speed:  10.085592855711873    memory before running:  5.860939025878906    average during running:  5.860585716333282    memory after running:  5.860736846923828
------------------------------
name of the model:  unet160--mediumBN_mobilenetv1--dice_coef_loss    fps speed:  8.021705811693217    memory before running:  5.860736846923828    average during running:  5.866208751549881    memory after running:  5.866367340087891
##############################
Run n° 8
##############################

------------------------------
name of the model:  unet160--mediumBN_mobilenetv2--dice_coef_loss    fps speed:  6.20460625705542    memory before running:  5.866367340087891    average during running:  5.873973203509041    memory after running:  5.874675750732422
------------------------------
name of the model:  unet160--small--dice_coef_loss    fps speed:  10.834817650661334    memory before running:  5.874675750732422    average during running:  5.86721390284849    memory after running:  5.86724853515625
------------------------------
name of the model:  unet160--smallBN--dice_coef_loss    fps speed:  10.000898731287517    memory before running:  5.867137908935547    average during running:  5.854823080341467    memory after running:  5.854213714599609
------------------------------
name of the model:  unet160--medium--dice_coef_loss    fps speed:  10.118089105458633    memory before running:  5.854381561279297    average during running:  5.854738214042749    memory after running:  5.854564666748047
------------------------------
name of the model:  unet160--mediumBN--dice_coef_loss    fps speed:  8.766233708897389    memory before running:  5.854579925537109    average during running:  5.852259346608365    memory after running:  5.851947784423828
------------------------------
name of the model:  unet160--large--dice_coef_loss    fps speed:  8.78155888202395    memory before running:  5.851947784423828    average during running:  5.8571562606297185    memory after running:  5.85711669921875
------------------------------
name of the model:  unet160--largeBN--dice_coef_loss    fps speed:  7.343309797715494    memory before running:  5.85711669921875    average during running:  5.852920403641261    memory after running:  5.8529510498046875
------------------------------
name of the model:  unet160--smallBN_mobilenetv1--dice_coef_loss    fps speed:  9.640257679868332    memory before running:  5.8529510498046875    average during running:  5.853102823321739    memory after running:  5.85260009765625
------------------------------
name of the model:  unet160--mediumBN_mobilenetv1--dice_coef_loss    fps speed:  8.09947863599639    memory before running:  5.852638244628906    average during running:  5.85857245627414    memory after running:  5.858257293701172
##############################
Run n° 9
##############################

------------------------------
name of the model:  unet160--mediumBN_mobilenetv2--dice_coef_loss    fps speed:  5.624396394461308    memory before running:  5.858257293701172    average during running:  5.860849744818184    memory after running:  5.8614349365234375
------------------------------
name of the model:  unet160--small--dice_coef_loss    fps speed:  10.160468325464063    memory before running:  5.8614349365234375    average during running:  5.875339550918408    memory after running:  5.875644683837891
------------------------------
name of the model:  unet160--smallBN--dice_coef_loss    fps speed:  9.910234279323012    memory before running:  5.875659942626953    average during running:  5.867232762025983    memory after running:  5.864616394042969
------------------------------
name of the model:  unet160--medium--dice_coef_loss    fps speed:  10.064989441001442    memory before running:  5.864616394042969    average during running:  5.861267432737886    memory after running:  5.8612213134765625
------------------------------
name of the model:  unet160--mediumBN--dice_coef_loss    fps speed:  8.278937565225846    memory before running:  5.8612213134765625    average during running:  5.859713050756562    memory after running:  5.859272003173828
------------------------------
name of the model:  unet160--large--dice_coef_loss    fps speed:  8.633945939344766    memory before running:  5.859272003173828    average during running:  5.867727601126338    memory after running:  5.868354797363281
------------------------------
name of the model:  unet160--largeBN--dice_coef_loss    fps speed:  7.114184634954448    memory before running:  5.868354797363281    average during running:  5.877605009614752    memory after running:  5.877590179443359
------------------------------
name of the model:  unet160--smallBN_mobilenetv1--dice_coef_loss    fps speed:  9.528372667636624    memory before running:  5.877590179443359    average during running:  5.876907477218114    memory after running:  5.876827239990234
------------------------------
name of the model:  unet160--mediumBN_mobilenetv1--dice_coef_loss    fps speed:  7.621577726971306    memory before running:  5.876827239990234    average during running:  5.8742872088143    memory after running:  5.874568939208984
